DEBUG - 2025-12-15 00:51:19 --> Session: Class initialized using 'CodeIgniter\Session\Handlers\FileHandler' driver.
DEBUG - 2025-12-15 01:30:20 --> Session: Class initialized using 'CodeIgniter\Session\Handlers\FileHandler' driver.
INFO - 2025-12-15 01:30:21 --> [getFacilitiesList] Query: SELECT id, facility_key, name, icon, is_active, is_maintenance, extended_hour_rate FROM facilities (no filter)
INFO - 2025-12-15 01:30:21 --> [getFacilitiesList] Facilities found: 7
INFO - 2025-12-15 01:30:21 --> [getFacilitiesList] - AVR Library (key: library, is_active: 1, is_maintenance: 0)
INFO - 2025-12-15 01:30:21 --> [getFacilitiesList] - Classrooms (key: classrooms, is_active: 1, is_maintenance: 0)
INFO - 2025-12-15 01:30:21 --> [getFacilitiesList] - Function Hall (ACAD Bldg.) (key: function-hall, is_active: 1, is_maintenance: 0)
INFO - 2025-12-15 01:30:21 --> [getFacilitiesList] - Pearl Mini Restaurant (key: pearl-restaurant, is_active: 1, is_maintenance: 0)
INFO - 2025-12-15 01:30:21 --> [getFacilitiesList] - Staff House Rooms (key: staff-house, is_active: 1, is_maintenance: 0)
INFO - 2025-12-15 01:30:21 --> [getFacilitiesList] - University Auditorium (key: auditorium, is_active: 0, is_maintenance: 0)
INFO - 2025-12-15 01:30:21 --> [getFacilitiesList] - University Gymnasium (key: gymnasium, is_active: 1, is_maintenance: 0)
INFO - 2025-12-15 01:30:53 --> [getFacilitiesList] Query: SELECT id, facility_key, name, icon, is_active, is_maintenance, extended_hour_rate FROM facilities (no filter)
INFO - 2025-12-15 01:30:53 --> [getFacilitiesList] Facilities found: 7
INFO - 2025-12-15 01:30:53 --> [getFacilitiesList] - AVR Library (key: library, is_active: 1, is_maintenance: 0)
INFO - 2025-12-15 01:30:53 --> [getFacilitiesList] - Classrooms (key: classrooms, is_active: 1, is_maintenance: 0)
INFO - 2025-12-15 01:30:53 --> [getFacilitiesList] - Function Hall (ACAD Bldg.) (key: function-hall, is_active: 1, is_maintenance: 0)
INFO - 2025-12-15 01:30:53 --> [getFacilitiesList] - Pearl Mini Restaurant (key: pearl-restaurant, is_active: 1, is_maintenance: 0)
INFO - 2025-12-15 01:30:53 --> [getFacilitiesList] - Staff House Rooms (key: staff-house, is_active: 1, is_maintenance: 0)
INFO - 2025-12-15 01:30:53 --> [getFacilitiesList] - University Auditorium (key: auditorium, is_active: 0, is_maintenance: 0)
INFO - 2025-12-15 01:30:53 --> [getFacilitiesList] - University Gymnasium (key: gymnasium, is_active: 1, is_maintenance: 0)
DEBUG - 2025-12-15 06:14:09 --> Session: Class initialized using 'CodeIgniter\Session\Handlers\FileHandler' driver.
INFO - 2025-12-15 06:14:12 --> [getFacilitiesList] Query: SELECT id, facility_key, name, icon, is_active, is_maintenance, extended_hour_rate FROM facilities (no filter)
INFO - 2025-12-15 06:14:12 --> [getFacilitiesList] Facilities found: 7
INFO - 2025-12-15 06:14:12 --> [getFacilitiesList] - AVR Library (key: library, is_active: 1, is_maintenance: 0)
INFO - 2025-12-15 06:14:12 --> [getFacilitiesList] - Classrooms (key: classrooms, is_active: 1, is_maintenance: 0)
INFO - 2025-12-15 06:14:12 --> [getFacilitiesList] - Function Hall (ACAD Bldg.) (key: function-hall, is_active: 1, is_maintenance: 0)
INFO - 2025-12-15 06:14:12 --> [getFacilitiesList] - Pearl Mini Restaurant (key: pearl-restaurant, is_active: 1, is_maintenance: 0)
INFO - 2025-12-15 06:14:12 --> [getFacilitiesList] - Staff House Rooms (key: staff-house, is_active: 1, is_maintenance: 0)
INFO - 2025-12-15 06:14:12 --> [getFacilitiesList] - University Auditorium (key: auditorium, is_active: 0, is_maintenance: 0)
INFO - 2025-12-15 06:14:12 --> [getFacilitiesList] - University Gymnasium (key: gymnasium, is_active: 1, is_maintenance: 0)
DEBUG - 2025-12-15 08:04:34 --> Session: Class initialized using 'CodeIgniter\Session\Handlers\FileHandler' driver.
DEBUG - 2025-12-15 08:04:34 --> Session: Class initialized using 'CodeIgniter\Session\Handlers\FileHandler' driver.
DEBUG - 2025-12-15 09:44:21 --> Session: Class initialized using 'CodeIgniter\Session\Handlers\FileHandler' driver.
DEBUG - 2025-12-15 10:10:16 --> Session: Class initialized using 'CodeIgniter\Session\Handlers\FileHandler' driver.
DEBUG - 2025-12-15 16:05:26 --> Session: Class initialized using 'CodeIgniter\Session\Handlers\FileHandler' driver.
DEBUG - 2025-12-15 19:27:44 --> Session: Class initialized using 'CodeIgniter\Session\Handlers\FileHandler' driver.
DEBUG - 2025-12-15 22:06:42 --> Session: Class initialized using 'CodeIgniter\Session\Handlers\FileHandler' driver.
